Found 3053 samples (RGB: 3053, CSV: 3053)
Epoch 1/100
100%|████████████████████████████████████████████████████████████████████████████████████████████████████████████████████████████████████████████████████████████| 357/357 [01:28<00:00,  4.01it/s, batch_G_loss=1.91]
100%|███████████████████████████████████████████████████████████████████████████████████████████████████████████████████████████████████████████████████████████████████████████████| 916/916 [00:52<00:00, 17.57it/s]
 → Epoch 1 avg G loss: 3.0724, avg D loss: 0.2741
learning rate 0.0001000 -> 0.0001000
Epoch 2/100
100%|█████████████████████████████████████████████████████████████████████████████████████████████████████████████████████████████████████████████████████████████| 357/357 [01:10<00:00,  5.10it/s, batch_G_loss=1.9]
100%|███████████████████████████████████████████████████████████████████████████████████████████████████████████████████████████████████████████████████████████████████████████████| 916/916 [00:37<00:00, 24.36it/s]
 → Epoch 2 avg G loss: 2.4282, avg D loss: 0.2568
learning rate 0.0001000 -> 0.0001000
Epoch 3/100
100%|████████████████████████████████████████████████████████████████████████████████████████████████████████████████████████████████████████████████████████████| 357/357 [01:12<00:00,  4.93it/s, batch_G_loss=1.99]
100%|███████████████████████████████████████████████████████████████████████████████████████████████████████████████████████████████████████████████████████████████████████████████| 916/916 [00:35<00:00, 25.97it/s]
 → Epoch 3 avg G loss: 4.7317, avg D loss: 0.1645
learning rate 0.0001000 -> 0.0001000
Epoch 4/100
100%|████████████████████████████████████████████████████████████████████████████████████████████████████████████████████████████████████████████████████████████| 357/357 [01:07<00:00,  5.28it/s, batch_G_loss=2.25]
100%|███████████████████████████████████████████████████████████████████████████████████████████████████████████████████████████████████████████████████████████████████████████████| 916/916 [00:35<00:00, 25.48it/s]
 → Epoch 4 avg G loss: 2.5190, avg D loss: 0.1935
learning rate 0.0001000 -> 0.0001000
Epoch 5/100
100%|████████████████████████████████████████████████████████████████████████████████████████████████████████████████████████████████████████████████████████████| 357/357 [01:08<00:00,  5.21it/s, batch_G_loss=5.56]
100%|███████████████████████████████████████████████████████████████████████████████████████████████████████████████████████████████████████████████████████████████████████████████| 916/916 [00:35<00:00, 26.07it/s]
 → Epoch 5 avg G loss: 2.4774, avg D loss: 0.1724
learning rate 0.0001000 -> 0.0001000
Epoch 6/100
100%|████████████████████████████████████████████████████████████████████████████████████████████████████████████████████████████████████████████████████████████| 357/357 [01:07<00:00,  5.28it/s, batch_G_loss=1.11]
100%|███████████████████████████████████████████████████████████████████████████████████████████████████████████████████████████████████████████████████████████████████████████████| 916/916 [00:35<00:00, 25.95it/s]
 → Epoch 6 avg G loss: 2.3617, avg D loss: 0.1821
learning rate 0.0001000 -> 0.0001000
Epoch 7/100
100%|█████████████████████████████████████████████████████████████████████████████████████████████████████████████████████████████████████████████████████████████| 357/357 [01:07<00:00,  5.27it/s, batch_G_loss=3.9]
100%|███████████████████████████████████████████████████████████████████████████████████████████████████████████████████████████████████████████████████████████████████████████████| 916/916 [00:35<00:00, 26.08it/s]
 → Epoch 7 avg G loss: 2.3698, avg D loss: 0.1657
learning rate 0.0001000 -> 0.0001000
Epoch 8/100
100%|████████████████████████████████████████████████████████████████████████████████████████████████████████████████████████████████████████████████████████████| 357/357 [01:06<00:00,  5.40it/s, batch_G_loss=3.11]
100%|███████████████████████████████████████████████████████████████████████████████████████████████████████████████████████████████████████████████████████████████████████████████| 916/916 [00:28<00:00, 32.64it/s]
 → Epoch 8 avg G loss: 2.2415, avg D loss: 0.1813
learning rate 0.0001000 -> 0.0001000
Epoch 9/100
100%|███████████████████████████████████████████████████████████████████████████████████████████████████████████████████████████████████████████████████████████████| 357/357 [01:11<00:00,  4.99it/s, batch_G_loss=4]
100%|███████████████████████████████████████████████████████████████████████████████████████████████████████████████████████████████████████████████████████████████████████████████| 916/916 [00:39<00:00, 23.41it/s]
 → Epoch 9 avg G loss: 2.1681, avg D loss: 0.1860
learning rate 0.0001000 -> 0.0001000
Epoch 10/100
100%|████████████████████████████████████████████████████████████████████████████████████████████████████████████████████████████████████████████████████████████| 357/357 [01:08<00:00,  5.25it/s, batch_G_loss=1.22]
100%|███████████████████████████████████████████████████████████████████████████████████████████████████████████████████████████████████████████████████████████████████████████████| 916/916 [00:34<00:00, 26.61it/s]
 → Epoch 10 avg G loss: 2.0245, avg D loss: 0.1902
learning rate 0.0001000 -> 0.0001000
Epoch 11/100
100%|████████████████████████████████████████████████████████████████████████████████████████████████████████████████████████████████████████████████████████████| 357/357 [01:06<00:00,  5.37it/s, batch_G_loss=3.39]
100%|███████████████████████████████████████████████████████████████████████████████████████████████████████████████████████████████████████████████████████████████████████████████| 916/916 [00:34<00:00, 26.87it/s]
 → Epoch 11 avg G loss: 1.9766, avg D loss: 0.1929
learning rate 0.0001000 -> 0.0001000
Epoch 12/100
100%|█████████████████████████████████████████████████████████████████████████████████████████████████████████████████████████████████████████████████████████████| 357/357 [01:06<00:00,  5.34it/s, batch_G_loss=1.6]
100%|███████████████████████████████████████████████████████████████████████████████████████████████████████████████████████████████████████████████████████████████████████████████| 916/916 [00:34<00:00, 26.40it/s]
 → Epoch 12 avg G loss: 1.9162, avg D loss: 0.1965
learning rate 0.0001000 -> 0.0001000
Epoch 13/100
100%|████████████████████████████████████████████████████████████████████████████████████████████████████████████████████████████████████████████████████████████| 357/357 [01:04<00:00,  5.52it/s, batch_G_loss=1.36]
100%|███████████████████████████████████████████████████████████████████████████████████████████████████████████████████████████████████████████████████████████████████████████████| 916/916 [00:28<00:00, 32.30it/s]
 → Epoch 13 avg G loss: 1.8384, avg D loss: 0.2041
learning rate 0.0001000 -> 0.0001000
Epoch 14/100
100%|████████████████████████████████████████████████████████████████████████████████████████████████████████████████████████████████████████████████████████████| 357/357 [01:02<00:00,  5.68it/s, batch_G_loss=1.49]
100%|███████████████████████████████████████████████████████████████████████████████████████████████████████████████████████████████████████████████████████████████████████████████| 916/916 [00:28<00:00, 32.50it/s]
 → Epoch 14 avg G loss: 1.7764, avg D loss: 0.2063
learning rate 0.0001000 -> 0.0001000
Epoch 15/100
100%|████████████████████████████████████████████████████████████████████████████████████████████████████████████████████████████████████████████████████████████| 357/357 [01:02<00:00,  5.68it/s, batch_G_loss=2.06]
100%|███████████████████████████████████████████████████████████████████████████████████████████████████████████████████████████████████████████████████████████████████████████████| 916/916 [00:28<00:00, 32.43it/s]
 → Epoch 15 avg G loss: 1.7234, avg D loss: 0.2114
learning rate 0.0001000 -> 0.0001000
Epoch 16/100
100%|████████████████████████████████████████████████████████████████████████████████████████████████████████████████████████████████████████████████████████████| 357/357 [01:02<00:00,  5.70it/s, batch_G_loss=5.93]
100%|███████████████████████████████████████████████████████████████████████████████████████████████████████████████████████████████████████████████████████████████████████████████| 916/916 [00:28<00:00, 32.50it/s]
 → Epoch 16 avg G loss: 1.6588, avg D loss: 0.2121
learning rate 0.0001000 -> 0.0001000
Epoch 17/100
100%|████████████████████████████████████████████████████████████████████████████████████████████████████████████████████████████████████████████████████████████| 357/357 [01:02<00:00,  5.69it/s, batch_G_loss=1.38]
100%|███████████████████████████████████████████████████████████████████████████████████████████████████████████████████████████████████████████████████████████████████████████████| 916/916 [00:28<00:00, 32.39it/s]
 → Epoch 17 avg G loss: 1.5693, avg D loss: 0.2158
learning rate 0.0001000 -> 0.0001000
Epoch 18/100
100%|████████████████████████████████████████████████████████████████████████████████████████████████████████████████████████████████████████████████████████████| 357/357 [01:02<00:00,  5.67it/s, batch_G_loss=2.57]
100%|███████████████████████████████████████████████████████████████████████████████████████████████████████████████████████████████████████████████████████████████████████████████| 916/916 [00:28<00:00, 32.65it/s]
 → Epoch 18 avg G loss: 1.5353, avg D loss: 0.2182
learning rate 0.0001000 -> 0.0001000
Epoch 19/100
100%|████████████████████████████████████████████████████████████████████████████████████████████████████████████████████████████████████████████████████████████| 357/357 [01:02<00:00,  5.71it/s, batch_G_loss=2.66]
100%|███████████████████████████████████████████████████████████████████████████████████████████████████████████████████████████████████████████████████████████████████████████████| 916/916 [00:28<00:00, 32.59it/s]
 → Epoch 19 avg G loss: 1.4649, avg D loss: 0.2182
learning rate 0.0001000 -> 0.0001000
Epoch 20/100
100%|███████████████████████████████████████████████████████████████████████████████████████████████████████████████████████████████████████████████████████████| 357/357 [01:02<00:00,  5.70it/s, batch_G_loss=0.901]
100%|███████████████████████████████████████████████████████████████████████████████████████████████████████████████████████████████████████████████████████████████████████████████| 916/916 [00:28<00:00, 32.28it/s]
 → Epoch 20 avg G loss: 1.4149, avg D loss: 0.2183
learning rate 0.0001000 -> 0.0001000
Epoch 21/100
100%|███████████████████████████████████████████████████████████████████████████████████████████████████████████████████████████████████████████████████████████| 357/357 [01:02<00:00,  5.70it/s, batch_G_loss=0.786]
100%|███████████████████████████████████████████████████████████████████████████████████████████████████████████████████████████████████████████████████████████████████████████████| 916/916 [00:28<00:00, 32.48it/s]
 → Epoch 21 avg G loss: 1.3597, avg D loss: 0.2243
learning rate 0.0001000 -> 0.0001000
Epoch 22/100
100%|███████████████████████████████████████████████████████████████████████████████████████████████████████████████████████████████████████████████████████████| 357/357 [01:02<00:00,  5.71it/s, batch_G_loss=0.993]
100%|███████████████████████████████████████████████████████████████████████████████████████████████████████████████████████████████████████████████████████████████████████████████| 916/916 [00:28<00:00, 32.68it/s]
 → Epoch 22 avg G loss: 1.2995, avg D loss: 0.2237
learning rate 0.0001000 -> 0.0001000
Epoch 23/100
100%|████████████████████████████████████████████████████████████████████████████████████████████████████████████████████████████████████████████████████████████| 357/357 [01:02<00:00,  5.70it/s, batch_G_loss=1.89]
100%|███████████████████████████████████████████████████████████████████████████████████████████████████████████████████████████████████████████████████████████████████████████████| 916/916 [00:28<00:00, 32.42it/s]
 → Epoch 23 avg G loss: 1.2495, avg D loss: 0.2276
learning rate 0.0001000 -> 0.0001000
Epoch 24/100
100%|███████████████████████████████████████████████████████████████████████████████████████████████████████████████████████████████████████████████████████████| 357/357 [01:04<00:00,  5.55it/s, batch_G_loss=0.742]
100%|███████████████████████████████████████████████████████████████████████████████████████████████████████████████████████████████████████████████████████████████████████████████| 916/916 [00:37<00:00, 24.56it/s]
 → Epoch 24 avg G loss: 1.2050, avg D loss: 0.2290
learning rate 0.0001000 -> 0.0001000
Epoch 25/100
100%|████████████████████████████████████████████████████████████████████████████████████████████████████████████████████████████████████████████████████████████| 357/357 [01:07<00:00,  5.31it/s, batch_G_loss=2.01]
100%|███████████████████████████████████████████████████████████████████████████████████████████████████████████████████████████████████████████████████████████████████████████████| 916/916 [00:34<00:00, 26.65it/s]
 → Epoch 25 avg G loss: 1.1597, avg D loss: 0.2305
learning rate 0.0001000 -> 0.0001000
Epoch 26/100
100%|████████████████████████████████████████████████████████████████████████████████████████████████████████████████████████████████████████████████████████████| 357/357 [01:07<00:00,  5.32it/s, batch_G_loss=1.36]
100%|███████████████████████████████████████████████████████████████████████████████████████████████████████████████████████████████████████████████████████████████████████████████| 916/916 [00:34<00:00, 26.50it/s]
 → Epoch 26 avg G loss: 1.1245, avg D loss: 0.2323
learning rate 0.0001000 -> 0.0001000
Epoch 27/100
100%|████████████████████████████████████████████████████████████████████████████████████████████████████████████████████████████████████████████████████████████| 357/357 [01:06<00:00,  5.38it/s, batch_G_loss=1.28]
100%|███████████████████████████████████████████████████████████████████████████████████████████████████████████████████████████████████████████████████████████████████████████████| 916/916 [00:54<00:00, 16.66it/s]
 → Epoch 27 avg G loss: 1.0950, avg D loss: 0.2348
learning rate 0.0001000 -> 0.0001000
Epoch 28/100
100%|████████████████████████████████████████████████████████████████████████████████████████████████████████████████████████████████████████████████████████████| 357/357 [01:08<00:00,  5.23it/s, batch_G_loss=1.26]
100%|███████████████████████████████████████████████████████████████████████████████████████████████████████████████████████████████████████████████████████████████████████████████| 916/916 [00:34<00:00, 26.63it/s]
 → Epoch 28 avg G loss: 1.0715, avg D loss: 0.2333
learning rate 0.0001000 -> 0.0001000
Epoch 29/100
100%|████████████████████████████████████████████████████████████████████████████████████████████████████████████████████████████████████████████████████████████| 357/357 [01:08<00:00,  5.24it/s, batch_G_loss=1.11]
100%|███████████████████████████████████████████████████████████████████████████████████████████████████████████████████████████████████████████████████████████████████████████████| 916/916 [00:34<00:00, 26.62it/s]
 → Epoch 29 avg G loss: 1.0623, avg D loss: 0.2348
learning rate 0.0001000 -> 0.0001000
Epoch 30/100
100%|█████████████████████████████████████████████████████████████████████████████████████████████████████████████████████████████████████████████████████████████| 357/357 [01:07<00:00,  5.26it/s, batch_G_loss=1.2]
100%|███████████████████████████████████████████████████████████████████████████████████████████████████████████████████████████████████████████████████████████████████████████████| 916/916 [00:35<00:00, 25.50it/s]
 → Epoch 30 avg G loss: 1.4018, avg D loss: 0.3621
learning rate 0.0001000 -> 0.0001000
Epoch 31/100
100%|███████████████████████████████████████████████████████████████████████████████████████████████████████████████████████████████████████████████████████████| 357/357 [01:06<00:00,  5.39it/s, batch_G_loss=0.773]
100%|███████████████████████████████████████████████████████████████████████████████████████████████████████████████████████████████████████████████████████████████████████████████| 916/916 [00:27<00:00, 32.94it/s]
 → Epoch 31 avg G loss: 1.7970, avg D loss: 0.2172
learning rate 0.0001000 -> 0.0001000
Epoch 32/100
100%|███████████████████████████████████████████████████████████████████████████████████████████████████████████████████████████████████████████████████████████| 357/357 [01:04<00:00,  5.57it/s, batch_G_loss=0.813]
100%|███████████████████████████████████████████████████████████████████████████████████████████████████████████████████████████████████████████████████████████████████████████████| 916/916 [00:27<00:00, 33.31it/s]
 → Epoch 32 avg G loss: 1.0057, avg D loss: 0.2450
learning rate 0.0001000 -> 0.0001000
Epoch 33/100
100%|███████████████████████████████████████████████████████████████████████████████████████████████████████████████████████████████████████████████████████████| 357/357 [01:04<00:00,  5.56it/s, batch_G_loss=0.941]
100%|███████████████████████████████████████████████████████████████████████████████████████████████████████████████████████████████████████████████████████████████████████████████| 916/916 [00:27<00:00, 33.19it/s]
 → Epoch 33 avg G loss: 0.9446, avg D loss: 0.2437
learning rate 0.0001000 -> 0.0001000
Epoch 34/100
100%|███████████████████████████████████████████████████████████████████████████████████████████████████████████████████████████████████████████████████████████| 357/357 [01:04<00:00,  5.57it/s, batch_G_loss=0.613]
100%|███████████████████████████████████████████████████████████████████████████████████████████████████████████████████████████████████████████████████████████████████████████████| 916/916 [00:27<00:00, 33.48it/s]
 → Epoch 34 avg G loss: 0.9295, avg D loss: 0.2434
learning rate 0.0001000 -> 0.0001000
Epoch 35/100
100%|████████████████████████████████████████████████████████████████████████████████████████████████████████████████████████████████████████████████████████████| 357/357 [01:04<00:00,  5.57it/s, batch_G_loss=1.32]
100%|███████████████████████████████████████████████████████████████████████████████████████████████████████████████████████████████████████████████████████████████████████████████| 916/916 [00:27<00:00, 33.31it/s]
 → Epoch 35 avg G loss: 0.9244, avg D loss: 0.2432
learning rate 0.0001000 -> 0.0001000
Epoch 36/100
100%|███████████████████████████████████████████████████████████████████████████████████████████████████████████████████████████████████████████████████████████| 357/357 [01:03<00:00,  5.58it/s, batch_G_loss=0.919]
100%|███████████████████████████████████████████████████████████████████████████████████████████████████████████████████████████████████████████████████████████████████████████████| 916/916 [00:27<00:00, 33.43it/s]
 → Epoch 36 avg G loss: 0.9200, avg D loss: 0.2440
learning rate 0.0001000 -> 0.0001000
Epoch 37/100
100%|███████████████████████████████████████████████████████████████████████████████████████████████████████████████████████████████████████████████████████████| 357/357 [01:04<00:00,  5.57it/s, batch_G_loss=0.892]
100%|███████████████████████████████████████████████████████████████████████████████████████████████████████████████████████████████████████████████████████████████████████████████| 916/916 [00:27<00:00, 33.52it/s]
 → Epoch 37 avg G loss: 0.9139, avg D loss: 0.2409
learning rate 0.0001000 -> 0.0001000
Epoch 38/100
100%|████████████████████████████████████████████████████████████████████████████████████████████████████████████████████████████████████████████████████████████| 357/357 [01:04<00:00,  5.56it/s, batch_G_loss=1.49]
100%|███████████████████████████████████████████████████████████████████████████████████████████████████████████████████████████████████████████████████████████████████████████████| 916/916 [00:28<00:00, 32.52it/s]
 → Epoch 38 avg G loss: 0.9169, avg D loss: 0.2408
learning rate 0.0001000 -> 0.0001000
Epoch 39/100
100%|████████████████████████████████████████████████████████████████████████████████████████████████████████████████████████████████████████████████████████████| 357/357 [01:04<00:00,  5.58it/s, batch_G_loss=1.82]
100%|███████████████████████████████████████████████████████████████████████████████████████████████████████████████████████████████████████████████████████████████████████████████| 916/916 [00:27<00:00, 33.40it/s]
 → Epoch 39 avg G loss: 0.9108, avg D loss: 0.2415
learning rate 0.0001000 -> 0.0001000
Epoch 40/100
100%|███████████████████████████████████████████████████████████████████████████████████████████████████████████████████████████████████████████████████████████| 357/357 [01:03<00:00,  5.59it/s, batch_G_loss=0.566]
100%|███████████████████████████████████████████████████████████████████████████████████████████████████████████████████████████████████████████████████████████████████████████████| 916/916 [00:27<00:00, 33.68it/s]
 → Epoch 40 avg G loss: 0.9022, avg D loss: 0.2411
learning rate 0.0001000 -> 0.0001000
Epoch 41/100
100%|████████████████████████████████████████████████████████████████████████████████████████████████████████████████████████████████████████████████████████████| 357/357 [01:04<00:00,  5.57it/s, batch_G_loss=1.34]
100%|███████████████████████████████████████████████████████████████████████████████████████████████████████████████████████████████████████████████████████████████████████████████| 916/916 [00:27<00:00, 33.51it/s]
 → Epoch 41 avg G loss: 0.9018, avg D loss: 0.2413
learning rate 0.0001000 -> 0.0001000
Epoch 42/100
100%|████████████████████████████████████████████████████████████████████████████████████████████████████████████████████████████████████████████████████████████| 357/357 [01:03<00:00,  5.58it/s, batch_G_loss=0.75]
100%|███████████████████████████████████████████████████████████████████████████████████████████████████████████████████████████████████████████████████████████████████████████████| 916/916 [00:27<00:00, 33.51it/s]
 → Epoch 42 avg G loss: 0.8989, avg D loss: 0.2414
learning rate 0.0001000 -> 0.0001000
Epoch 43/100
100%|████████████████████████████████████████████████████████████████████████████████████████████████████████████████████████████████████████████████████████████| 357/357 [01:03<00:00,  5.61it/s, batch_G_loss=1.27]
100%|███████████████████████████████████████████████████████████████████████████████████████████████████████████████████████████████████████████████████████████████████████████████| 916/916 [00:27<00:00, 33.43it/s]
 → Epoch 43 avg G loss: 0.8885, avg D loss: 0.2402
learning rate 0.0001000 -> 0.0001000
Epoch 44/100
100%|████████████████████████████████████████████████████████████████████████████████████████████████████████████████████████████████████████████████████████████| 357/357 [01:03<00:00,  5.59it/s, batch_G_loss=0.55]
100%|███████████████████████████████████████████████████████████████████████████████████████████████████████████████████████████████████████████████████████████████████████████████| 916/916 [00:27<00:00, 33.21it/s]
 → Epoch 44 avg G loss: 0.8867, avg D loss: 0.2407
learning rate 0.0001000 -> 0.0001000
Epoch 45/100
100%|████████████████████████████████████████████████████████████████████████████████████████████████████████████████████████████████████████████████████████████| 357/357 [01:03<00:00,  5.59it/s, batch_G_loss=1.37]
100%|███████████████████████████████████████████████████████████████████████████████████████████████████████████████████████████████████████████████████████████████████████████████| 916/916 [00:30<00:00, 29.80it/s]
 → Epoch 45 avg G loss: 0.8835, avg D loss: 0.2400
learning rate 0.0001000 -> 0.0001000
Epoch 46/100
100%|███████████████████████████████████████████████████████████████████████████████████████████████████████████████████████████████████████████████████████████| 357/357 [01:05<00:00,  5.45it/s, batch_G_loss=0.762]
100%|███████████████████████████████████████████████████████████████████████████████████████████████████████████████████████████████████████████████████████████████████████████████| 916/916 [00:35<00:00, 25.79it/s]
 → Epoch 46 avg G loss: 0.8767, avg D loss: 0.2409
learning rate 0.0001000 -> 0.0001000
Epoch 47/100
100%|███████████████████████████████████████████████████████████████████████████████████████████████████████████████████████████████████████████████████████████| 357/357 [01:09<00:00,  5.17it/s, batch_G_loss=0.707]
100%|███████████████████████████████████████████████████████████████████████████████████████████████████████████████████████████████████████████████████████████████████████████████| 916/916 [00:34<00:00, 26.51it/s]
 → Epoch 47 avg G loss: 1.8399, avg D loss: 0.2949
learning rate 0.0001000 -> 0.0001000
Epoch 48/100
100%|███████████████████████████████████████████████████████████████████████████████████████████████████████████████████████████████████████████████████████████| 357/357 [01:03<00:00,  5.64it/s, batch_G_loss=0.939]
100%|███████████████████████████████████████████████████████████████████████████████████████████████████████████████████████████████████████████████████████████████████████████████| 916/916 [00:36<00:00, 24.99it/s]
 → Epoch 48 avg G loss: 0.9017, avg D loss: 0.2464
learning rate 0.0001000 -> 0.0001000
Epoch 49/100
100%|████████████████████████████████████████████████████████████████████████████████████████████████████████████████████████████████████████████████████████████| 357/357 [01:06<00:00,  5.40it/s, batch_G_loss=1.37]
100%|███████████████████████████████████████████████████████████████████████████████████████████████████████████████████████████████████████████████████████████████████████████████| 916/916 [00:35<00:00, 26.04it/s]
 → Epoch 49 avg G loss: 0.8214, avg D loss: 0.2466
learning rate 0.0001000 -> 0.0001000
Epoch 50/100
100%|███████████████████████████████████████████████████████████████████████████████████████████████████████████████████████████████████████████████████████████| 357/357 [01:06<00:00,  5.36it/s, batch_G_loss=0.721]
100%|███████████████████████████████████████████████████████████████████████████████████████████████████████████████████████████████████████████████████████████████████████████████| 916/916 [00:35<00:00, 25.78it/s]
 → Epoch 50 avg G loss: 0.8123, avg D loss: 0.2456
learning rate 0.0001000 -> 0.0000100
Epoch 51/100
100%|███████████████████████████████████████████████████████████████████████████████████████████████████████████████████████████████████████████████████████████| 357/357 [01:06<00:00,  5.37it/s, batch_G_loss=0.908]
100%|███████████████████████████████████████████████████████████████████████████████████████████████████████████████████████████████████████████████████████████████████████████████| 916/916 [00:35<00:00, 25.71it/s]
 → Epoch 51 avg G loss: 0.7980, avg D loss: 0.2439
learning rate 0.0000100 -> 0.0000100
Epoch 52/100
100%|███████████████████████████████████████████████████████████████████████████████████████████████████████████████████████████████████████████████████████████| 357/357 [01:05<00:00,  5.41it/s, batch_G_loss=0.664]
100%|███████████████████████████████████████████████████████████████████████████████████████████████████████████████████████████████████████████████████████████████████████████████| 916/916 [00:35<00:00, 25.55it/s]
 → Epoch 52 avg G loss: 0.8026, avg D loss: 0.2415
learning rate 0.0000100 -> 0.0000100
Epoch 53/100
100%|███████████████████████████████████████████████████████████████████████████████████████████████████████████████████████████████████████████████████████████| 357/357 [01:05<00:00,  5.42it/s, batch_G_loss=0.622]
100%|███████████████████████████████████████████████████████████████████████████████████████████████████████████████████████████████████████████████████████████████████████████████| 916/916 [00:35<00:00, 25.58it/s]
 → Epoch 53 avg G loss: 0.8085, avg D loss: 0.2407
learning rate 0.0000100 -> 0.0000100
Epoch 54/100
100%|███████████████████████████████████████████████████████████████████████████████████████████████████████████████████████████████████████████████████████████| 357/357 [01:02<00:00,  5.69it/s, batch_G_loss=0.699]
100%|███████████████████████████████████████████████████████████████████████████████████████████████████████████████████████████████████████████████████████████████████████████████| 916/916 [00:28<00:00, 32.13it/s]
 → Epoch 54 avg G loss: 0.8164, avg D loss: 0.2380
learning rate 0.0000100 -> 0.0000100
Epoch 55/100
100%|████████████████████████████████████████████████████████████████████████████████████████████████████████████████████████████████████████████████████████████| 357/357 [01:02<00:00,  5.73it/s, batch_G_loss=1.41]
100%|███████████████████████████████████████████████████████████████████████████████████████████████████████████████████████████████████████████████████████████████████████████████| 916/916 [00:28<00:00, 32.40it/s]
 → Epoch 55 avg G loss: 0.8264, avg D loss: 0.2355
learning rate 0.0000100 -> 0.0000100
Epoch 56/100
100%|████████████████████████████████████████████████████████████████████████████████████████████████████████████████████████████████████████████████████████████| 357/357 [01:02<00:00,  5.74it/s, batch_G_loss=0.74]
100%|███████████████████████████████████████████████████████████████████████████████████████████████████████████████████████████████████████████████████████████████████████████████| 916/916 [00:28<00:00, 32.29it/s]
 → Epoch 56 avg G loss: 0.8314, avg D loss: 0.2342
learning rate 0.0000100 -> 0.0000100
Epoch 57/100
100%|████████████████████████████████████████████████████████████████████████████████████████████████████████████████████████████████████████████████████████████| 357/357 [01:02<00:00,  5.72it/s, batch_G_loss=1.26]
100%|███████████████████████████████████████████████████████████████████████████████████████████████████████████████████████████████████████████████████████████████████████████████| 916/916 [00:28<00:00, 32.41it/s]
 → Epoch 57 avg G loss: 0.8411, avg D loss: 0.2308
learning rate 0.0000100 -> 0.0000100
Epoch 58/100
100%|███████████████████████████████████████████████████████████████████████████████████████████████████████████████████████████████████████████████████████████| 357/357 [01:02<00:00,  5.70it/s, batch_G_loss=0.751]
100%|███████████████████████████████████████████████████████████████████████████████████████████████████████████████████████████████████████████████████████████████████████████████| 916/916 [00:28<00:00, 32.27it/s]
 → Epoch 58 avg G loss: 0.8463, avg D loss: 0.2308
learning rate 0.0000100 -> 0.0000100
Epoch 59/100
100%|███████████████████████████████████████████████████████████████████████████████████████████████████████████████████████████████████████████████████████████| 357/357 [01:02<00:00,  5.69it/s, batch_G_loss=0.732]
100%|███████████████████████████████████████████████████████████████████████████████████████████████████████████████████████████████████████████████████████████████████████████████| 916/916 [00:28<00:00, 32.08it/s]
 → Epoch 59 avg G loss: 1.0099, avg D loss: 0.4104
learning rate 0.0000100 -> 0.0000100
Epoch 60/100
100%|████████████████████████████████████████████████████████████████████████████████████████████████████████████████████████████████████████████████████████████| 357/357 [01:02<00:00,  5.70it/s, batch_G_loss=1.08]
100%|███████████████████████████████████████████████████████████████████████████████████████████████████████████████████████████████████████████████████████████████████████████████| 916/916 [00:28<00:00, 32.08it/s]
 → Epoch 60 avg G loss: 0.7843, avg D loss: 0.2473
learning rate 0.0000100 -> 0.0000100
Epoch 61/100
100%|███████████████████████████████████████████████████████████████████████████████████████████████████████████████████████████████████████████████████████████| 357/357 [01:02<00:00,  5.70it/s, batch_G_loss=0.704]
100%|███████████████████████████████████████████████████████████████████████████████████████████████████████████████████████████████████████████████████████████████████████████████| 916/916 [00:28<00:00, 31.88it/s]
 → Epoch 61 avg G loss: 0.7717, avg D loss: 0.2463
learning rate 0.0000100 -> 0.0000100
Epoch 62/100
100%|████████████████████████████████████████████████████████████████████████████████████████████████████████████████████████████████████████████████████████████| 357/357 [01:02<00:00,  5.68it/s, batch_G_loss=1.09]
100%|███████████████████████████████████████████████████████████████████████████████████████████████████████████████████████████████████████████████████████████████████████████████| 916/916 [00:31<00:00, 28.81it/s]
 → Epoch 62 avg G loss: 0.7732, avg D loss: 0.2457
learning rate 0.0000100 -> 0.0000100
Epoch 63/100
100%|███████████████████████████████████████████████████████████████████████████████████████████████████████████████████████████████████████████████████████████| 357/357 [01:02<00:00,  5.71it/s, batch_G_loss=0.506]
100%|███████████████████████████████████████████████████████████████████████████████████████████████████████████████████████████████████████████████████████████████████████████████| 916/916 [00:28<00:00, 31.98it/s]
 → Epoch 63 avg G loss: 0.7739, avg D loss: 0.2448
learning rate 0.0000100 -> 0.0000100
Epoch 64/100
100%|███████████████████████████████████████████████████████████████████████████████████████████████████████████████████████████████████████████████████████████| 357/357 [01:07<00:00,  5.29it/s, batch_G_loss=0.919]
100%|███████████████████████████████████████████████████████████████████████████████████████████████████████████████████████████████████████████████████████████████████████████████| 916/916 [00:35<00:00, 25.52it/s]
 → Epoch 64 avg G loss: 0.7780, avg D loss: 0.2437
learning rate 0.0000100 -> 0.0000100
Epoch 65/100
100%|███████████████████████████████████████████████████████████████████████████████████████████████████████████████████████████████████████████████████████████| 357/357 [01:05<00:00,  5.47it/s, batch_G_loss=0.652]
100%|███████████████████████████████████████████████████████████████████████████████████████████████████████████████████████████████████████████████████████████████████████████████| 916/916 [00:35<00:00, 25.98it/s]
 → Epoch 65 avg G loss: 0.7806, avg D loss: 0.2422
learning rate 0.0000100 -> 0.0000100
Epoch 66/100
100%|███████████████████████████████████████████████████████████████████████████████████████████████████████████████████████████████████████████████████████████| 357/357 [01:04<00:00,  5.54it/s, batch_G_loss=0.544]
100%|███████████████████████████████████████████████████████████████████████████████████████████████████████████████████████████████████████████████████████████████████████████████| 916/916 [00:36<00:00, 25.35it/s]
 → Epoch 66 avg G loss: 0.7880, avg D loss: 0.2386
learning rate 0.0000100 -> 0.0000100
Epoch 67/100
100%|███████████████████████████████████████████████████████████████████████████████████████████████████████████████████████████████████████████████████████████| 357/357 [01:09<00:00,  5.14it/s, batch_G_loss=0.698]
100%|███████████████████████████████████████████████████████████████████████████████████████████████████████████████████████████████████████████████████████████████████████████████| 916/916 [00:34<00:00, 26.23it/s]
 → Epoch 67 avg G loss: 0.8023, avg D loss: 0.2330
learning rate 0.0000100 -> 0.0000100
Epoch 68/100
100%|███████████████████████████████████████████████████████████████████████████████████████████████████████████████████████████████████████████████████████████| 357/357 [01:07<00:00,  5.30it/s, batch_G_loss=0.833]
100%|███████████████████████████████████████████████████████████████████████████████████████████████████████████████████████████████████████████████████████████████████████████████| 916/916 [00:36<00:00, 25.23it/s]
 → Epoch 68 avg G loss: 0.8188, avg D loss: 0.2283
learning rate 0.0000100 -> 0.0000100
Epoch 69/100
100%|███████████████████████████████████████████████████████████████████████████████████████████████████████████████████████████████████████████████████████████| 357/357 [01:06<00:00,  5.38it/s, batch_G_loss=0.784]
100%|███████████████████████████████████████████████████████████████████████████████████████████████████████████████████████████████████████████████████████████████████████████████| 916/916 [00:35<00:00, 25.85it/s]
 → Epoch 69 avg G loss: 0.8332, avg D loss: 0.2248
learning rate 0.0000100 -> 0.0000100
Epoch 70/100
100%|████████████████████████████████████████████████████████████████████████████████████████████████████████████████████████████████████████████████████████████| 357/357 [01:09<00:00,  5.15it/s, batch_G_loss=1.08]
100%|███████████████████████████████████████████████████████████████████████████████████████████████████████████████████████████████████████████████████████████████████████████████| 916/916 [00:35<00:00, 25.97it/s]
 → Epoch 70 avg G loss: 0.8469, avg D loss: 0.2235
learning rate 0.0000100 -> 0.0000100
Epoch 71/100
100%|███████████████████████████████████████████████████████████████████████████████████████████████████████████████████████████████████████████████████████████| 357/357 [01:07<00:00,  5.26it/s, batch_G_loss=0.848]
100%|███████████████████████████████████████████████████████████████████████████████████████████████████████████████████████████████████████████████████████████████████████████████| 916/916 [00:34<00:00, 26.64it/s]
 → Epoch 71 avg G loss: 0.8564, avg D loss: 0.2203
learning rate 0.0000100 -> 0.0000100
Epoch 72/100
100%|████████████████████████████████████████████████████████████████████████████████████████████████████████████████████████████████████████████████████████████| 357/357 [01:07<00:00,  5.28it/s, batch_G_loss=1.17]
100%|███████████████████████████████████████████████████████████████████████████████████████████████████████████████████████████████████████████████████████████████████████████████| 916/916 [00:34<00:00, 26.69it/s]
 → Epoch 72 avg G loss: 0.8669, avg D loss: 0.2178
learning rate 0.0000100 -> 0.0000100
Epoch 73/100
100%|███████████████████████████████████████████████████████████████████████████████████████████████████████████████████████████████████████████████████████████| 357/357 [01:06<00:00,  5.34it/s, batch_G_loss=0.925]
100%|███████████████████████████████████████████████████████████████████████████████████████████████████████████████████████████████████████████████████████████████████████████████| 916/916 [00:35<00:00, 25.97it/s]
 → Epoch 73 avg G loss: 0.8763, avg D loss: 0.2167
learning rate 0.0000100 -> 0.0000100
Epoch 74/100
100%|████████████████████████████████████████████████████████████████████████████████████████████████████████████████████████████████████████████████████████████| 357/357 [01:10<00:00,  5.09it/s, batch_G_loss=1.89]
100%|███████████████████████████████████████████████████████████████████████████████████████████████████████████████████████████████████████████████████████████████████████████████| 916/916 [00:33<00:00, 27.11it/s]
 → Epoch 74 avg G loss: 0.8874, avg D loss: 0.2131
learning rate 0.0000100 -> 0.0000100
Epoch 75/100
100%|███████████████████████████████████████████████████████████████████████████████████████████████████████████████████████████████████████████████████████████| 357/357 [01:06<00:00,  5.34it/s, batch_G_loss=0.894]
100%|███████████████████████████████████████████████████████████████████████████████████████████████████████████████████████████████████████████████████████████████████████████████| 916/916 [00:36<00:00, 25.20it/s]
 → Epoch 75 avg G loss: 0.8862, avg D loss: 0.2147
learning rate 0.0000100 -> 0.0000100
Epoch 76/100
100%|███████████████████████████████████████████████████████████████████████████████████████████████████████████████████████████████████████████████████████████| 357/357 [01:09<00:00,  5.16it/s, batch_G_loss=0.969]
100%|███████████████████████████████████████████████████████████████████████████████████████████████████████████████████████████████████████████████████████████████████████████████| 916/916 [00:34<00:00, 26.46it/s]
 → Epoch 76 avg G loss: 0.9375, avg D loss: 0.3416
learning rate 0.0000100 -> 0.0000100
Epoch 77/100
100%|███████████████████████████████████████████████████████████████████████████████████████████████████████████████████████████████████████████████████████████| 357/357 [01:06<00:00,  5.41it/s, batch_G_loss=0.576]
100%|███████████████████████████████████████████████████████████████████████████████████████████████████████████████████████████████████████████████████████████████████████████████| 916/916 [00:35<00:00, 25.57it/s]
 → Epoch 77 avg G loss: 0.7411, avg D loss: 0.2463
learning rate 0.0000100 -> 0.0000100
Epoch 78/100
100%|███████████████████████████████████████████████████████████████████████████████████████████████████████████████████████████████████████████████████████████| 357/357 [01:10<00:00,  5.09it/s, batch_G_loss=0.703]
100%|███████████████████████████████████████████████████████████████████████████████████████████████████████████████████████████████████████████████████████████████████████████████| 916/916 [00:34<00:00, 26.75it/s]
 → Epoch 78 avg G loss: 0.7622, avg D loss: 0.2436
learning rate 0.0000100 -> 0.0000100
Epoch 79/100
100%|███████████████████████████████████████████████████████████████████████████████████████████████████████████████████████████████████████████████████████████| 357/357 [01:03<00:00,  5.60it/s, batch_G_loss=0.656]
100%|███████████████████████████████████████████████████████████████████████████████████████████████████████████████████████████████████████████████████████████████████████████████| 916/916 [00:42<00:00, 21.50it/s]
 → Epoch 79 avg G loss: 0.7734, avg D loss: 0.2439
learning rate 0.0000100 -> 0.0000100
Epoch 80/100
100%|███████████████████████████████████████████████████████████████████████████████████████████████████████████████████████████████████████████████████████████| 357/357 [01:04<00:00,  5.57it/s, batch_G_loss=0.566]
100%|███████████████████████████████████████████████████████████████████████████████████████████████████████████████████████████████████████████████████████████████████████████████| 916/916 [00:35<00:00, 25.67it/s]
 → Epoch 80 avg G loss: 0.7810, avg D loss: 0.2380
learning rate 0.0000100 -> 0.0000100
Epoch 81/100
100%|███████████████████████████████████████████████████████████████████████████████████████████████████████████████████████████████████████████████████████████| 357/357 [01:06<00:00,  5.39it/s, batch_G_loss=0.657]
100%|███████████████████████████████████████████████████████████████████████████████████████████████████████████████████████████████████████████████████████████████████████████████| 916/916 [00:35<00:00, 25.69it/s]
 → Epoch 81 avg G loss: 0.8071, avg D loss: 0.2267
learning rate 0.0000100 -> 0.0000100
Epoch 82/100
100%|████████████████████████████████████████████████████████████████████████████████████████████████████████████████████████████████████████████████████████████| 357/357 [01:06<00:00,  5.38it/s, batch_G_loss=0.79]
100%|███████████████████████████████████████████████████████████████████████████████████████████████████████████████████████████████████████████████████████████████████████████████| 916/916 [00:35<00:00, 26.09it/s]
 → Epoch 82 avg G loss: 0.8460, avg D loss: 0.2136
learning rate 0.0000100 -> 0.0000100
Epoch 83/100
100%|████████████████████████████████████████████████████████████████████████████████████████████████████████████████████████████████████████████████████████████| 357/357 [01:06<00:00,  5.36it/s, batch_G_loss=0.93]
100%|███████████████████████████████████████████████████████████████████████████████████████████████████████████████████████████████████████████████████████████████████████████████| 916/916 [00:35<00:00, 26.05it/s]
 → Epoch 83 avg G loss: 0.8715, avg D loss: 0.2121
learning rate 0.0000100 -> 0.0000100
Epoch 84/100
100%|███████████████████████████████████████████████████████████████████████████████████████████████████████████████████████████████████████████████████████████| 357/357 [01:05<00:00,  5.43it/s, batch_G_loss=0.734]
100%|███████████████████████████████████████████████████████████████████████████████████████████████████████████████████████████████████████████████████████████████████████████████| 916/916 [00:35<00:00, 25.55it/s]
 → Epoch 84 avg G loss: 0.8910, avg D loss: 0.2053
learning rate 0.0000100 -> 0.0000100
Epoch 85/100
100%|████████████████████████████████████████████████████████████████████████████████████████████████████████████████████████████████████████████████████████████| 357/357 [01:06<00:00,  5.41it/s, batch_G_loss=1.22]
100%|███████████████████████████████████████████████████████████████████████████████████████████████████████████████████████████████████████████████████████████████████████████████| 916/916 [00:35<00:00, 25.85it/s]
 → Epoch 85 avg G loss: 0.9092, avg D loss: 0.2015
learning rate 0.0000100 -> 0.0000100
Epoch 86/100
100%|████████████████████████████████████████████████████████████████████████████████████████████████████████████████████████████████████████████████████████████| 357/357 [01:06<00:00,  5.36it/s, batch_G_loss=0.78]
100%|███████████████████████████████████████████████████████████████████████████████████████████████████████████████████████████████████████████████████████████████████████████████| 916/916 [00:34<00:00, 26.83it/s]
 → Epoch 86 avg G loss: 1.0609, avg D loss: 0.3596
learning rate 0.0000100 -> 0.0000100
Epoch 87/100
100%|███████████████████████████████████████████████████████████████████████████████████████████████████████████████████████████████████████████████████████████| 357/357 [01:06<00:00,  5.35it/s, batch_G_loss=0.886]
100%|███████████████████████████████████████████████████████████████████████████████████████████████████████████████████████████████████████████████████████████████████████████████| 916/916 [00:34<00:00, 26.51it/s]
 → Epoch 87 avg G loss: 0.7564, avg D loss: 0.2446
learning rate 0.0000100 -> 0.0000100
Epoch 88/100
100%|███████████████████████████████████████████████████████████████████████████████████████████████████████████████████████████████████████████████████████████| 357/357 [01:06<00:00,  5.39it/s, batch_G_loss=0.564]
100%|███████████████████████████████████████████████████████████████████████████████████████████████████████████████████████████████████████████████████████████████████████████████| 916/916 [00:35<00:00, 25.77it/s]
 → Epoch 88 avg G loss: 0.7617, avg D loss: 0.2461
learning rate 0.0000100 -> 0.0000100
Epoch 89/100
100%|████████████████████████████████████████████████████████████████████████████████████████████████████████████████████████████████████████████████████████████| 357/357 [01:06<00:00,  5.38it/s, batch_G_loss=1.01]
100%|███████████████████████████████████████████████████████████████████████████████████████████████████████████████████████████████████████████████████████████████████████████████| 916/916 [00:35<00:00, 25.87it/s]
 → Epoch 89 avg G loss: 0.7649, avg D loss: 0.2443
learning rate 0.0000100 -> 0.0000100
Epoch 90/100
100%|███████████████████████████████████████████████████████████████████████████████████████████████████████████████████████████████████████████████████████████| 357/357 [01:06<00:00,  5.39it/s, batch_G_loss=0.888]
100%|███████████████████████████████████████████████████████████████████████████████████████████████████████████████████████████████████████████████████████████████████████████████| 916/916 [00:35<00:00, 25.48it/s]
 → Epoch 90 avg G loss: 0.7691, avg D loss: 0.2417
learning rate 0.0000100 -> 0.0000100
Epoch 91/100
100%|████████████████████████████████████████████████████████████████████████████████████████████████████████████████████████████████████████████████████████████| 357/357 [01:06<00:00,  5.39it/s, batch_G_loss=0.89]
100%|███████████████████████████████████████████████████████████████████████████████████████████████████████████████████████████████████████████████████████████████████████████████| 916/916 [00:35<00:00, 25.73it/s]
 → Epoch 91 avg G loss: 0.7789, avg D loss: 0.2380
learning rate 0.0000100 -> 0.0000100
Epoch 92/100
100%|████████████████████████████████████████████████████████████████████████████████████████████████████████████████████████████████████████████████████████████| 357/357 [01:05<00:00,  5.41it/s, batch_G_loss=0.74]
100%|███████████████████████████████████████████████████████████████████████████████████████████████████████████████████████████████████████████████████████████████████████████████| 916/916 [00:35<00:00, 25.90it/s]
 → Epoch 92 avg G loss: 0.7990, avg D loss: 0.2294
learning rate 0.0000100 -> 0.0000100
Epoch 93/100
100%|███████████████████████████████████████████████████████████████████████████████████████████████████████████████████████████████████████████████████████████| 357/357 [01:05<00:00,  5.47it/s, batch_G_loss=0.692]
100%|███████████████████████████████████████████████████████████████████████████████████████████████████████████████████████████████████████████████████████████████████████████████| 916/916 [00:34<00:00, 26.83it/s]
 → Epoch 93 avg G loss: 0.8377, avg D loss: 0.2151
learning rate 0.0000100 -> 0.0000100
Epoch 94/100
100%|████████████████████████████████████████████████████████████████████████████████████████████████████████████████████████████████████████████████████████████| 357/357 [01:04<00:00,  5.51it/s, batch_G_loss=1.13]
100%|███████████████████████████████████████████████████████████████████████████████████████████████████████████████████████████████████████████████████████████████████████████████| 916/916 [00:34<00:00, 26.24it/s]
 → Epoch 94 avg G loss: 0.8767, avg D loss: 0.2067
learning rate 0.0000100 -> 0.0000100
Epoch 95/100
100%|████████████████████████████████████████████████████████████████████████████████████████████████████████████████████████████████████████████████████████████| 357/357 [01:06<00:00,  5.41it/s, batch_G_loss=1.24]
100%|███████████████████████████████████████████████████████████████████████████████████████████████████████████████████████████████████████████████████████████████████████████████| 916/916 [00:35<00:00, 25.57it/s]
 → Epoch 95 avg G loss: 0.9027, avg D loss: 0.1999
learning rate 0.0000100 -> 0.0000100
Epoch 96/100
100%|████████████████████████████████████████████████████████████████████████████████████████████████████████████████████████████████████████████████████████████| 357/357 [01:06<00:00,  5.39it/s, batch_G_loss=1.33]
100%|███████████████████████████████████████████████████████████████████████████████████████████████████████████████████████████████████████████████████████████████████████████████| 916/916 [00:35<00:00, 25.93it/s]
 → Epoch 96 avg G loss: 0.9197, avg D loss: 0.1967
learning rate 0.0000100 -> 0.0000100
Epoch 97/100
100%|███████████████████████████████████████████████████████████████████████████████████████████████████████████████████████████████████████████████████████████| 357/357 [01:05<00:00,  5.47it/s, batch_G_loss=0.928]
100%|███████████████████████████████████████████████████████████████████████████████████████████████████████████████████████████████████████████████████████████████████████████████| 916/916 [00:43<00:00, 20.89it/s]
 → Epoch 97 avg G loss: 0.9332, avg D loss: 0.1925
learning rate 0.0000100 -> 0.0000100
Epoch 98/100
100%|█████████████████████████████████████████████████████████████████████████████████████████████████████████████████████████████████████████████████████████████| 357/357 [01:06<00:00,  5.38it/s, batch_G_loss=1.1]
100%|███████████████████████████████████████████████████████████████████████████████████████████████████████████████████████████████████████████████████████████████████████████████| 916/916 [00:35<00:00, 25.64it/s]
 → Epoch 98 avg G loss: 0.9450, avg D loss: 0.1909
learning rate 0.0000100 -> 0.0000100
Epoch 99/100
100%|███████████████████████████████████████████████████████████████████████████████████████████████████████████████████████████████████████████████████████████| 357/357 [01:08<00:00,  5.23it/s, batch_G_loss=0.964]
100%|███████████████████████████████████████████████████████████████████████████████████████████████████████████████████████████████████████████████████████████████████████████████| 916/916 [00:34<00:00, 26.19it/s]
 → Epoch 99 avg G loss: 1.0296, avg D loss: 0.3344
learning rate 0.0000100 -> 0.0000100
Epoch 100/100
100%|███████████████████████████████████████████████████████████████████████████████████████████████████████████████████████████████████████████████████████████| 357/357 [01:06<00:00,  5.38it/s, batch_G_loss=0.538]
100%|███████████████████████████████████████████████████████████████████████████████████████████████████████████████████████████████████████████████████████████████████████████████| 916/916 [00:34<00:00, 26.18it/s]
 → Epoch 100 avg G loss: 0.7569, avg D loss: 0.2437
learning rate 0.0000100 -> 0.0000010
Training complete

Running final validation...
100%|███████████████████████████████████████████████████████████████████████████████████████████████████████████████████████████████████████████████████████████████████████████████| 916/916 [00:35<00:00, 25.60it/s]
Validation complete
